[   .0000]nitialing cou subs put[   .000000] Initalin cousubs c
[  00000] nitialin cgrp ubsycpac
   0.000] Lix ersi 44.0-7-generi(buid@cy0-3 (gcc verson5.0 01609 (Uuntu.40-6unt1~1604) ) #120butu S Tue S 19 :28:18 UTC017 buntu 4.4.0-97.120-generic 4.4.87)
[    0.0000] mmnd le: BO_IAG/bot/vinz-4.40--genicroot=BE=cloimg-rofsro csoe=y1cool=tt0
[    00000]KEEL spotecps:
[   0000]   tel Genuinntel    00000] AD AuenicAM
[   00000] Cetar entaurul
[  00000] 86/fu:xsate_fft[2] 56, xste_iz[2:  26[   .00000]86fp SpporngXSE eaur 0x1: '87floangint registers'
[    0.000000] x86/fpu: Supporting XSAVE feature 0x02: 'SE egisters'
[    0.000000] x86fp Suporng XSVEeatu 004: AVregier'[    0.000000] x8/fu: Eabedxstat fatres 0x7 ctextsi is 82 tes, uin 'standd'forma
    .0000] x8/f: Using'lzy FPU context switches.
[   0.000000] e820 BOSroidedphysca RAMma
[  000000]BIS-e820 [m 0x0000000000-000000000fbf usable
[    0.000000] BIOS-e820: [mem 0x000000000009fc00-0x000000000009ffff] reserved
[    0.000000] BIOS-e820: [mem 0x00000000000f0000-0x00000000000fffff] reserved
[    0.000000] BIOS-e820: [mem 0x0000000000100000-0x000000003ffeffff] usable
[   0.000000] BIOS-e820: [mem 0x000000003fff0000-0x000000003fffffff] ACPI data
[    0.000000] BIOS-e820: [mem 0x00000000fec00000-0x0000000fec00ff]reserved
[    0.000000] BIOS-e820: [mem 0x00000000fee00000-0x00000000fee00fff] reserved
[    0.000000] BIOS-e820: [mem 0x0000000ffc0000-0x00000000ffffffff] reserved
[    0.000000] NX (Execute Disable) potection: active
[    0.000000] SMBIOS 2.5 present.
[    0.000000] Hypervisor detected: KVM
[    0.000000] e820: last_pfn = 0x3fff0 max_arch_pfn = 0x400000000
[   .00000 MR: Disabled
[    0.000000] x86/PAT: MTRRs disabled, skipping PAT initializtin oo
[    0.000000] CPU MTRRs all blank - virtualized system.
[    0.000000] x86/PAT: Configuration [0-7]: WB  WT  UC- UC  WB  WT  UC- UC  
[    0.000000] found SMP MP-table at [mem 0x0009fff0-0x0009ffff] mapped at [ffff88000009fff0]
[    0.0000] Scanning 1 areas for low memory corruption
[    .000000] RAMDISK: [mem 0x36adc000-0x37565fff]
[    0.000000] ACPI: Early table checksum verification disabled
[   0.000000] ACPI: RSDP 0x00000000000E0000 000024 (v02 VBOX  )
[    0.000000] ACPI: XSDT 0x000000003FFF0030 00003C (v01 VBOX   VBOXXSDT 00000001 ASL  00000061)
[   .000000] ACPI: FACP 0x000000003FFF00F0 0000F4 (v04 VBOX   VBOXFACP 00000001 ASL  00000061)
[    0.000000] ACPI: DSDT 0x0000003FF047000FF (v0 VOX  VBXBOS000000 INTL 20100528)
[    0.000000] ACPI: FACS 0x00000000FFF0200 000
[    0.000000 AI: FAC0x00000003FFF20000040
  0.0000 ACPI: AICx000003FF02 00005C (v02 VBOX   VBOXAPIC 00000001 ASL  00006)
[   000000]ACPI: SSDT 0x000000003FFF02A 0001CC (v01 VBOX  VXCPUT 000002 ITL 200528)
[    0.000000] No NUMA configuration fun
    0000000] Faking a node at [mem 0x0000000000000000-0x000000003ffeffff]
[   0.000000 NODEDAA(0) allcated [mem 0x3ffe000-0x3ffefff]
[    0.00000] kvm-clock: Using msr 4b564d01 and 4b564d00
[    0.00000] kvm-clock: cu , sr :3ffe3001, pimary pulock
[    00000] kvmclk: uinsched ofset of 28483712191cyles
[    0.000] cocource: kvmclock: mask: 0xffffffffffffffff max_cycles:0x1cd42e4dffb, max_idle_ns: 881590591483 ns
[    0.000000] Zone ranges:
[    0.000000]   DMA      [mem 0x0000000000001000-0x0000000000ffff]
[    0.000000]   DMA32   mem 0x0000000001000000-0x000000003ffefff]
[    0.000000]   ormal   empty
[    0.000000]   Device   empty
[    0.000000] Movable zone start for each node
[    0.000000] Early memory node ranges
[    0.000000]   node   0: [mem 0x0000000000001000-0x000000000009efff]
[    0.000000]   node   0: [mem 0x000000000100000-0x000000003ffeffff]
[    0.000000] Initmem setup node 0 [mem 0x000000000001000-0x000000003ffeffff]
[    0.000000] ACPI: PM-Timer IO Port: 0x4008
[    0.000000] IOAPIC[0]: apic_id 2, version 32, address 0xfec000, GSI 0-23
[    0.000000] ACPI: INT_SRC_OVR (us 0 bus_irq 0 global_irq 2 dfl dfl)
[    0.000000] ACPI: INT_SRC_OVR (bus 0 bus_irq 9 global_irq 9 low level)
[   0.000000] Using ACPI (MADT)for SMP configuratio inoration
[    0.00000] smpboot: Allowng2 CPUs 0hoplg Us
[    0.000000] PM: Registered nosave memory: [mem 0x00000000-0x00000fff]
[    0.000000] PM: Registered nosave memory: [mem 0x0009f000-0x0009ffff]
[    0.000000] PM: Registered nosave memory: [mem 0x000a0000-0x000effff]
[    0.000000] PM: Regiserd noav memory: [mem 0x00000-000fffff]
[   000000e80: [mem0x000000xfbffffavaiablefo PCIevices
[    0.000000] Booting prartualedkeelon KM
[    0.000000] clocksource: refined-jiffies:mak: 0xffffff ma_cycles: 0xffffffff, max_ilens: 7645100211568 ns
[    0.000000] setup_percpu: NR_CPUS:512 nr_cpumask_bits:512 nr_cpu_ids:2 nr_node_ids:1
[    0.000000] PERPU Embeddd 4 agescp@fff883fc000s988 8192 d3274u1048576
[   .0000] PVqspinlock hah ble tres: 2 (order:  496 bytes)    0.00000 Built 1 zonelists in Nodeorder, mobility grouping on.  Total pages: 257913
[    0.000000] Policy zone: DMA32
[    0.000000] Kernel command line: BOOT_IMAGE=/boot/vmlinuz-4.4.0-97-generic root=LABEL=cloudimg-rootfs ro console=tty1 console=ttyS0
[    0.000000] PID hash table entries 409 (order: 3, 32768 bytes)
[    0.000000] Memory: 1001772K/104120K available (480K kernel code, 194 rwdata, 3984K rodata, 1492K init, 1316K bss, 46348K reserved, 0K cma-reserved)
[    0.000000] SLUB: HWalign=64, Order=0-3, MinObjects=0, CPUs=2, Nodes=1
[    0.000000] Hierarchical RCU implementation.
[    0.000000] 	Build-time adjustment of leaf fanout to 64.
[    0.000000] 	RCU restricting CPUs from NR_CPUS=512 to nr_cpu_ids=2.
[    000000 RU: Adjusting geometry for rcu_fanout_leaf=64, nr_cpuid2
[   .00000]R_IRS:024 r_qs:440 6[    0.000000] Console: colour VGA+ x25
[    000000]cosoe [tty1] eabd
[   .000000] console [ttyS0] enabled
[   0000000] tsc: Detected 2394.458 MHz processor
[   12.828736] Calibrating delay loop (skipped) preset value.. 4788.91 BogoMIPS (lpj=9577832)
[   12.864500] pid_max: default: 32768 minimum: 301
[   12.872953] ACPI: Core revision 20150930
[   12.909284] ACPI: 2 ACPI AML tables successfully acquired and loaded
[   12.982113] Security Framework initialized
[   12.993501] Yama: becoming mindful.
[   12.999954] AppArmor: AppArmor initialized
[   13.019668] Dentry cache hash table entries: 131072 (order: 8, 1048576 bytes)
[   13.023943] Inode-cache hash table entries: 65536 (order: 7, 524288 bytes)
[   13.057488] Mount-cache hash table entries: 2048 (order: 2, 16384 bytes)
[   13.079026] Mountpoint-cache hash table entries: 2048 (order: 2, 16384 bytes)
[   13.082067] Initializing cgroup subsys io
[   13.093366] Initializing cgroup subsys memory
[   13.101501] Initializing cgroup subsys devices
[   13.110667] Initializing cgroup subsys freezer
[   13.126237] Initializing cgroup subsys net_cls
[   13.127670] Initializing cgroup subsys perf_event
[   13.132682] Initializing cgroup subsys net_prio
[   13.148771] Initializing cgroup subsys hugetlb
[   13.185093] Initializing cgroup subsys pids
[   13.190179] CPU: Physical Processor ID: 0
[   13.196879] CPU: Processor Core ID: 0
[   13.207896] mce: CPU supports 0 MCE banks
[   13.220877] Last level iTLB entries: 4KB 64, 2MB 8, 4MB 8
[   13.246476] Last level dTLB entries: 4KB 64, 2MB 0, 4MB 0, 1GB 4
[   13.291951] Freeing SMP alternatives memory: 32K
[   13.337873] ftrace: allocating 32148 entries in 126 pages
[   13.506283] smpboot: APIC(0) Converting physical 0 to logical package 0
[   13.632981] smpboot: Max logical packages: 1
[   13.703949] x2apic enabled
[   13.760845] Switched APIC routing to physical x2apic.
[   13.802121] ..TIMER: vector=0x30 apic1=0 pin1=2 apic2=-1 pin2=-1
[   14.000013] smpboot: CPU0: Intel(R) Core(TM) i7-5500U CPU @ 2.40GHz (family: 0x6, model: 0x3d, stepping: 0x4)
[   14.056524] Performance Events: unsupported p6 CPU model 61 no PMU driver, software events only.
[   14.154891] KVM setup paravirtual spinlock
[   14.197802] x86: Booting SMP configuration:
[   14.216661] .... node  #0, CPUs:      #1
[   14.228843] kvm-clock: cpu 1, msr 0:3ffe3041, secondary cpu clock
[   14.258651] mce: CPU supports 0 MCE banks
[   14.272069] x86: Booted up 1 node, 2 CPUs
[   14.289169] smpboot: Total of 2 processors activated (9577.83 BogoMIPS)
[   14.318123] devtmpfs: initialized
[   14.353542] evm: security.selinux
[   14.427492] evm: security.SMACK64
[   14.477776] evm: security.SMACK64EXEC
[   14.512257] evm: security.SMACK64TRANSMUTE
[   14.545715] evm: security.SMACK64MMAP
[   14.614991] evm: security.ima
[   14.676694] evm: security.capability
[   14.704741] clocksource: jiffies: mask: 0xffffffff max_cycles: 0xffffffff, max_idle_ns: 7645041785100000 ns
[   14.744936] futex hash table entries: 512 (order: 3, 32768 bytes)
[   14.831139] pinctrl core: initialized pinctrl subsystem
[   14.885198] RTC time: 13:25:37, date: 11/13/17
[   14.923840] NET: Registered protocol family 16
[   14.939376] cpuidle: using governor ladder
[   15.031167] cpuidle: using governor menu
[   15.059345] PCCT header not found.
[   15.099392] ACPI: bus type PCI registered
[   15.110637] acpiphp: ACPI Hot Plug PCI Controller Driver version: 0.5
[   15.153112] PCI: Using configuration type 1 for base access
[   15.171068] ACPI: Added _OSI(Module Device)
[   15.179091] ACPI: Added _OSI(Processor Device)
[   15.184457] ACPI: Added _OSI(3.0 _SCP Extensions)
[   15.186601] ACPI: Added _OSI(Processor Aggregator Device)
[   15.204265] ACPI: Executed 1 blocks of module-level executable AML code
[   15.220262] ACPI: Interpreter enabled
[   15.223755] ACPI: (supports S0 S5)
[   15.225008] ACPI: Using IOAPIC for interrupt routing
[   15.237889] PCI: Using host bridge windows from ACPI; if necessary, use "pci=nocrs" and report a bug
[   15.255024] ACPI: PCI Root Bridge [PCI0] (domain 0000 [bus 00-ff])
[   15.275995] acpi PNP0A03:00: _OSC: OS supports [ASPM ClockPM Segments MSI]
[   15.281961] acpi PNP0A03:00: _OSC: not requesting OS control; OS requires [ExtendedConfig ASPM ClockPM MSI]
[   15.299619] acpi PNP0A03:00: fail to add MMCONFIG information, can't access extended PCI configuration space under this bridge.
[   15.305603] PCI host bridge to bus 0000:00
[   15.316843] pci_bus 0000:00: root bus resource [io  0x0000-0x0cf7 window]
[   15.345866] pci_bus 0000:00: root bus resource [io  0x0d00-0xffff window]
[   15.382286] pci_bus 0000:00: root bus resource [mem 0x000a0000-0x000bffff window]
[   15.393758] pci_bus 0000:00: root bus resource [mem 0x40000000-0xfdffffff window]
[   15.401262] pci_bus 0000:00: root bus resource [bus 00-ff]
[   15.409204] pci 0000:00:01.1: legacy IDE quirk: reg 0x10: [io  0x01f0-0x01f7]
[   15.451083] pci 0000:00:01.1: legacy IDE quirk: reg 0x14: [io  0x03f6]
[   15.477805] pci 0000:00:01.1: legacy IDE quirk: reg 0x18: [io  0x0170-0x0177]
[   15.536383] pci 0000:00:01.1: legacy IDE quirk: reg 0x1c: [io  0x0376]
[   15.642899] pci 0000:00:07.0: quirk: [io  0x4000-0x403f] claimed by PIIX4 ACPI
[   15.687349] pci 0000:00:07.0: quirk: [io  0x4100-0x410f] claimed by PIIX4 SMB
[   15.706710] ACPI: PCI Interrupt Link [LNKA] (IRQs 5 9 10 *11)
[   15.774910] ACPI: PCI Interrupt Link [LNKB] (IRQs 5 9 *10 11)
[   15.823726] ACPI: PCI Interrupt Link [LNKC] (IRQs 5 *9 10 11)
[   15.829036] ACPI: PCI Interrupt Link [LNKD] (IRQs 5 9 10 *11)
[   15.856598] ACPI: Enabled 2 GPEs in block 00 to 07
[   15.884768] vgaarb: setting as boot device: PCI:0000:00:02.0
[   15.970020] vgaarb: device added: PCI:0000:00:02.0,decodes=io+mem,owns=io+mem,locks=none
[   16.053611] vgaarb: loaded
[   16.067952] vgaarb: bridge control possible 0000:00:02.0
[   16.128203] SCSI subsystem initialized
[   16.220340] ACPI: bus type USB registered
[   16.271399] usbcore: registered new interface driver usbfs
[   16.353752] usbcore: registered new interface driver hub
[   16.396461] usbcore: registered new device driver usb
[   16.405389] PCI: Using ACPI for IRQ routing
[   16.428535] NetLabel: Initializing
[   16.446813] NetLabel:  domain hash size = 128
[   16.464023] NetLabel:  protocols = UNLABELED CIPSOv4
[   16.487578] NetLabel:  unlabeled traffic allowed by default
[   16.496883] amd_nb: Cannot enumerate AMD northbridges
[   16.553229] clocksource: Switched to clocksource kvm-clock
[  15754] ppmo ApAorilsyemEnbld  7.524]pnp: PnP ACPI init
[   7.7904] pnp: PnP ACPI: found 3 devices

[   17.609297] clocksource: acpi_pm: mask: 0xffffff max_cycles: 0xffffff, max_idle_ns: 2085701024 ns
[   17.618950] NET: Registered protocol family 2
[   17.637594] TCP established hash table entries: 8192 (order: 4, 65536 bytes)
[   17.649431] TCP bind hash table entries: 8192 (order: 5, 131072 bytes)
[   17.664797] TCP: Hash tables configured (established 8192 bind 8192)
[   17.666352] UDP hash table entries: 512 (order: 2, 16384 bytes)
[   17.669503] UDP-Lite hash table entries: 512 (order: 2, 16384 bytes)
[   17.679000] NET: Registered protocol family 1
[   17.713619] pci 0000:00:00.0: Limiting direct PCI/PCI transfers
[   17.718411] pci 0000:00:01.0: Activating ISA DMA hang workarounds
[   17.742385] Unpacking initramfs...
[   20.3931]reing intrmery102K[  27848RA P decd,PIniis^- Joues 4 fixed counters 10737418240 ms ovfl timer
[   21.508811] hw unit of domain pp0-core 2^-0 Joules
[   21.509648] hw unit of domain package 2^-0 Joules
[   21.547423] hw unit of domain dram 2^-0 Joules
[   21.585729] hw unit of domain pp1-gpu 2^-0 Joules
[   .671 ptfm rc_osreiser ptfm C vi ( P dvic found)
[ 2231718 Snng r w mo cruioevy  scos  3.76] c:Refined TSC clocksource calbrio 24.15Hz
[  23000]losocets: as: ffffffff mx_cycles: 0x23fe7, x_les:405258ns
[   .873 aitintiizngetnksubss isabled)

[   23.800746] audit: type=2000 audit(1510579560.698:1): initialized
[   23.800983] Initialise system trusted keyring
[   23.801058] HugeTLB registered 2 MB page size, pre-allocated 0 pages
[   23.802375] zbud: loaded
[   23.802530] VFS: Disk quotas dquot_6.6.0
[   23.802557] VFS: Dquot-cache hash table entries: 512 (order 0, 4096 bytes)
[   23.802763] squashfs: version 4.0 (2009/01/31) Phillip Lougher
[   23.802938] fuse init (API version 7.23)
[   23.803034] Key type big_key registered
[   23.803049] Allocating IMA MOK and blacklist keyrings.
[   23.803243] Key type asymmetric registered
[   23.803245] Asymmetric key parser 'x509' registered
[   23.803275] Block layer SCSI generic (bsg) driver version 0.4 loaded (major 249)
[   23.803293] io scheduler noop registered
[   23.803295] io scheduler deadline registered (default)
[   23.803319] io scheduler cfq registered
[   23.803395] pci_hotplug: PCI Hot Plug PCI Core version: 0.5
[   23.803399] pciehp: PCI Express Hot Plug Controller Driver version: 0.4
[   23.803514] ACPI: AC Adapter [AC] (off-line)
[   23.803558] input: Power Button as /devices/LNXSYSTM:00/LNXPWRBN:00/input/input0
[   23.803560] ACPI: Power Button [PWRF]
[   23.803617] input: Sleep Button as /devices/LNXSYSTM:00/LNXSLPBN:00/input/input1
[   23.803618] ACPI: Sleep Button [SLPF]
[   23.803730] GHES: HEST is not enabled!
[   23.803804] Serial: 8250/16550 driver, 32 ports, IRQ sharing enabled
[   25.027672] 00:02: ttyS0 at I/O 0x3f8 (irq = 4, base_baud = 115200) is a 16550A
[   25.602101] Linux agpgart interface v0.103
[   25.610541] loop: module loaded
[   25.611173] scsi host0: ata_piix
[   25.611249] scsi host1: ata_piix
[   25.611291] ata1: PATA max UDMA/33 cmd 0x1f0 ctl 0x3f6 bmdma 0xd000 irq 14
[   25.611292] ata2: PATA max UDMA/33 cmd 0x170 ctl 0x376 bmdma 0xd008 irq 15
[   25.611402] libphy: Fixed MDIO Bus: probed
[   25.611405] tun: Universal TUN/TAP device driver, 1.6
[   25.611406] tun: (C) 1999-2004 Max Krasnyansky <maxk@qualcomm.com>
[   25.611461] PPP generic driver version 2.4.2
[   25.611556] ehci_hcd: USB 2.0 'Enhanced' Host Controller (EHCI) Driver
[   25.611560] ehci-pci: EHCI PCI platform driver
[   25.611568] ehci-platform: EHCI generic platform driver
[   25.611575] ohci_hcd: USB 1.1 'Open' Host Controller (OHCI) Driver
[   25.611580] ohci-pci: OHCI PCI platform driver
[   25.611589] ohci-platform: OHCI generic platform driver
[   25.611597] uhci_hcd: USB Universal Host Controller Interface driver
[   25.611681] i8042: PNP: PS/2 Controller [PNP0303:PS2K,PNP0f03:PS2M] at 0x60,0x64 irq 1,12
[   25.612901] ACPI: Battery Slot [BAT0] (battery present)
[   25.671910] serio: i8042 KBD port at 0x60,0x64 irq 1
[   25.671915] serio: i8042 AUX port at 0x60,0x64 irq 12
[   25.672030] mousedev: PS/2 mouse device common for all mice
[   25.672295] rtc_cmos rtc_cmos: rtc core: registered rtc_cmos as rtc0
[   25.672346] rtc_cmos rtc_cmos: alarms up to one day, 114 bytes nvram
[   25.672350] i2c /dev entries driver
[   25.672393] device-mapper: uevent: version 1.0.3
[   25.672436] device-mapper: ioctl: 4.34.0-ioctl (2015-10-28) initialised: dm-devel@redhat.com
[   25.672450] ledtrig-cpu: registered to indicate activity on CPUs
[   25.672689] NET: Registered protocol family 10
[   25.672886] NET: Registered protocol family 17
[   25.672897] Key type dns_resolver registered
[   25.733694] microcode: CPU0 sig=0x306d4, pf=0x40, revision=0x0
[   25.733769] microcode: CPU1 sig=0x306d4, pf=0x40, revision=0x0
[   25.733830] microcode: Microcode Update Driver: v2.01 <tigran@aivazian.fsnet.co.uk>, Peter Oruba
[   25.733968] registered taskstats version 1
[   25.733986] Loading compiled-in X.509 certificates
[   25.734868] Loaded X.509 cert 'Build time autogenerated kernel key: d1010f9627fd9242df4b03365d2931dfd1ad3d42'
[   25.734891] zswap: loaded using pool lzo/zbud
[   25.736445] Key type trusted registered
[   25.739163] Key type encrypted registered
[   25.739168] AppArmor: AppArmor sha1 policy hashing enabled
[   25.739171] ima: No TPM chip found, activating TPM-bypass!
[   25.739188] evm: HMAC attrs: 0x1
[   25.739391]   Magic number: 9:759:432
[   25.778328] rtc_cmos rtc_cmos: setting system clock to 2017-11-13 13:25:48 UTC (1510579548)
[   25.778474] BIOS EDD facility v0.16 2004-Jun-25, 0 devices found
[   25.778475] EDD information not available.
[   26.210443] input: AT Translated Set 2 keyboard as /devices/platform/i8042/serio0/input/input2
[   30.229648] Freeing unused kernel memory: 1492K
[   30.244333] Write protecting the kernel read-only data: 14336k
[   30.260508] Freeing unused kernel memory: 1748K
[   30.275037] Freeing unused kernel memory: 112K
Loading, please wait...
starting version[   30.307995] random: systemd-udevd: uninitialized urandom read (16 bytes read, 7 bits of entropy available)
 229
[   30.308812] random: udevadm: uninitialized urandom read (16 bytes read, 7 bits of entropy available)
[   30.308865] random: udevadm: uninitialized urandom read (16 bytes read, 7 bits of entropy available)
[   30.319503] random: udevadm: uninitialized urandom read (16 bytes read, 7 bits of entropy available)
[   30.319554] random: udevadm: uninitialized urandom read (16 bytes read, 7 bits of entropy available)
[   30.319746] random: udevadm: uninitialized urandom read (16 bytes read, 7 bits of entropy available)
[   30.319808] random: udevadm: uninitialized urandom read (16 bytes read, 7 bits of entropy available)
[   30.319871] random: udevadm: uninitialized urandom read (16 bytes read, 7 bits of entropy available)
[   30.319932] random: udevadm: uninitialized urandom read (16 bytes read, 7 bits of entropy available)
[   30.319989] random: udevadm: uninitialized urandom read (16 bytes read, 7 bits of entropy available)
[   30.627984] e1000: Intel(R) PRO/1000 Network Driver - version 7.3.21-k8-NAPI
[   30.655691] e1000: Copyright (c) 1999-2006 Intel Corporation.
[   30.686894] Fusion MPT base driver 3.04.20
[   30.704751] Copyright (c) 1999-2008 LSI Corporation
[   30.794503] AVX2 version of gcm_enc/dec engaged.
[   30.803614] AES CTR mode by8 optimization enabled
[   30.821618] Fusion MPT SPI Host driver 3.04.20
[   30.982748] input: ImExPS/2 Generic Explorer Mouse as /devices/platform/i8042/serio1/input/input4
[   31.172519] e1000 0000:00:03.0 eth0: (PCI:33MHz:32-bit) 02:51:17:41:23:cb
[   31.257436] e1000 0000:00:03.0 eth0: Intel(R) PRO/1000 Network Connection
[   31.353626] mptbase: ioc0: Initiating bringup
[   31.354211] e1000 0000:00:03.0 enp0s3: renamed from eth0
[   31.515077] ioc0: LSI53C1030 A0: Capabilities={Initiator}
[   31.775182] scsi host2: ioc0: LSI53C1030 A0, FwRev=00000000h, Ports=1, MaxQ=256, IRQ=20
[   31.929999] scsi 2:0:0:0: Direct-Access     VBOX     HARDDISK         1.0  PQ: 0 ANSI: 5
[   31.989169] scsi target2:0:0: Beginning Domain Validation
[   31.993647] scsi target2:0:0: Domain Validation skipping write tests
[   32.050622] scsi target2:0:0: Ending Domain Validation
[   32.093567] scsi target2:0:0: asynchronous
[   32.173911] scsi 2:0:1:0: Direct-Access     VBOX     HARDDISK         1.0  PQ: 0 ANSI: 5
[   32.305395] scsi target2:0:1: Beginning Domain Validation
[   32.321307] scsi target2:0:1: Domain Validation skipping write tests
[   32.423832] scsi target2:0:1: Ending Domain Validation
[   32.474084] scsi target2:0:1: asynchronous
[   32.528972] sd 2:0:0:0: [sda] 20971520 512-byte logical blocks: (10.7 GB/10.0 GiB)
[   32.606317] sd 2:0:0:0: Attached scsi generic sg0 type 0
[   32.688768] sd 2:0:0:0: [sda] Write Protect is off
[   32.774129] sd 2:0:0:0: [sda] Incomplete mode parameter data
[   32.774288] sd 2:0:1:0: [sdb] 20480 512-byte logical blocks: (10.5 MB/10.0 MiB)
[   32.774480] sd 2:0:1:0: [sdb] Write Protect is off
[   32.774564] sd 2:0:1:0: [sdb] Incomplete mode parameter data
[   32.774565] sd 2:0:1:0: [sdb] Assuming drive cache: write through
[   32.774951] sd 2:0:1:0: Attached scsi generic sg1 type 0
[   32.811694] sd 2:0:1:0: [sdb] Attached SCSI disk
[   33.345233] sd 2:0:0:0: [sda] Assuming drive cache: write through
[   33.414489]  sda: sda1
[   33.709225] sd 2:0:0:0: [sda] Attached SCSI disk
[   34.708813] floppy0: no floppy controllers found
Begin: Loading e[   36.473952] md: linear personality registered for level -1
ssential drivers ... [   36.576389] md: multipath personality registered for level -4
[   36.622451] md: raid0 personality registered for level 0
[   36.708253] md: raid1 personality registered for level 1
[   36.845903] raid6: sse2x1   gen()  6398 MB/s
[   36.973492] raid6: sse2x1   xor()  4906 MB/s
[   37.149297] raid6: sse2x2   gen()  8110 MB/s
[   37.257333] raid6: sse2x2   xor()  5705 MB/s
[   37.342149] raid6: sse2x4   gen()  6843 MB/s
[   37.429632] raid6: sse2x4   xor()  6291 MB/s
[   37.545259] raid6: avx2x1   gen() 12003 MB/s
[   37.649636] raid6: avx2x2   gen() 14909 MB/s
[   37.745364] raid6: avx2x4   gen() 15249 MB/s
[   37.786385] raid6: using algorithm avx2x4 gen() 15249 MB/s
[   37.835556] raid6: using avx2x2 recovery algorithm
[   37.847339] xor: automatically using best checksumming function:
[   37.905253]    avx       : 18452.000 MB/sec
[   37.935212] async_tx: api initialized (async)
[   38.000648] md: raid6 personality registered for level 6
[   38.023915] md: raid5 personality registered for level 5
[   38.082999] md: raid4 personality registered for level 4
[   38.134699] md: raid10 personality registered for level 10
done.
Begin: Running /scripts/init-premount ... done.
Begin: Mounting root file sys[   38.202928] Btrfs loaded
tem ... Begin: Running /scripts/[   38.246941] EXT4-fs (sda1): INFO: recovery required on readonly filesystem
local-top ... do[   38.286671] EXT4-fs (sda1): write access will be enabled during recovery
ne.
Begin: Running /scripts/local-premount ... Scanning for Btrfs filesystems
done.
Warning: fsck not present, so skipping root file system
[   38.425315] EXT4-fs (sda1): recovery complete
[   38.456112] EXT4-fs (sda1): mounted filesystem with ordered data mode. Opts: (null)
done.
Begin: Running /scripts/local-bottom ... done.
Begin: Running /scripts/init-bottom ... done.
[   38.811963] random: nonblocking pool is initialized
[   38.983122] systemd[1]: systemd 229 running in system mode. (+PAM +AUDIT +SELINUX +IMA +APPARMOR +SMACK +SYSVINIT +UTMP +LIBCRYPTSETUP +GCRYPT +GNUTLS +ACL +XZ -LZ4 +SECCOMP +BLKID +ELFUTILS +KMOD -IDN)
[   39.076826] systemd[1]: Detected virtualization oracle.
[   39.093299] systemd[1]: Detected architecture x86-64.

Welcome to [1mUbuntu 16.04.3 LTS[0m!

[   39.161673] systemd[1]: Set hostname to <ubuntu-xenial>.
[   39.846748] systemd[1]: Set up automount Arbitrary Executable File Formats File System Automount Point.
[[0;32m  OK  [0m] Set up automount Arbitrary Executab...ats File System Automount Point.
[   39.966113] systemd[1]: Listening on udev Kernel Socket.
[[0;32m  OK  [0m] Listening on udev Kernel Socket.
[   40.041419] systemd[1]: Reached target Swap.
[[0;32m  OK  [0m] Reached target Swap.
[   40.097559] systemd[1]: Started Trigger resolvconf update for networkd DNS.
[[0;32m  OK  [0m] Started Trigger resolvconf update for networkd DNS.
[   40.166306] systemd[1]: Listening on LVM2 metadata daemon socket.
[[0;32m  OK  [0m] Listening on LVM2 metadata daemon socket.
[   40.226404] systemd[1]: Created slice System Slice.
[[0;32m  OK  [0m] Created slice System Slice.
[   40.268513] systemd[1]: Listening on Journal Audit Socket.
[[0;32m  OK  [0m] Listening on Journal Audit Socket.
[   40.353842] systemd[1]: Listening on /dev/initctl Compatibility Named Pipe.
[[0;32m  OK  [0m] Listening on /dev/initctl Compatibility Named Pipe.
[   40.419511] systemd[1]: Listening on Device-mapper event daemon FIFOs.
[[0;32m  OK  [0m] Listening on Device-mapper event daemon FIFOs.
[   40.440096] systemd[1]: Created slice User and Session Slice.
[[0;32m  OK  [0m] Created slice User and Session Slice.
[   40.493830] systemd[1]: Reached target Slices.
[[0;32m  OK  [0m] Reached target Slices.
[   40.545810] systemd[1]: Listening on Journal Socket (/dev/log).
[[0;32m  OK  [0m] Listening on Journal Socket (/dev/log).
[   40.630185] systemd[1]: Listening on Journal Socket.
[[0;32m  OK  [0m] Listening on Journal Socket.
[   40.729785] systemd[1]: Mounting Debug File System...
         Mounting Debug File System...
[   40.817437] systemd[1]: Starting Remount Root and Kernel File Systems...
         Startin[   40.850272] EXT4-fs (sda1): re-mounted. Opts: (null)
g Remount Root and Kernel File Systems...
[   40.945536] systemd[1]: Starting Create list of required static device nodes for the current kernel...
         Starting Create list of required st... nodes for the current kernel...
[   41.074192] systemd[1]: Starting Set console keymap...
         Starting Set console keymap...
[   41.185851] systemd[1]: Starting Monitoring of LVM2 mirrors, snapshots etc. using dmeventd or progress polling...
         Starting Monitoring of LVM2 mirrors... dmeventd or progress polling...
[   41.286046] systemd[1]: Reached target User and Group Name Lookups.
[[0;32m  OK  [0m] Reached target User and Group Name Lookups.
[   41.339936] systemd[1]: Listening on Syslog Socket.
[[0;32m  OK  [0m] Listening on Syslog Socket.
[   41.421771] systemd[1]: Starting Journal Service...
         Starting Journal Service...
[   41.490054] systemd[1]: Mounting Huge Pages File System...
         Mounting Huge Pages File System...
[   41.549618] systemd[1]: Listening on udev Control Socket.
[[0;32m  OK  [0m] Listening on udev Control Socket.
[   41.649686] systemd[1]: Listening on LVM2 poll daemon socket.
[[0;32m  OK  [0m] Listening on LVM2 poll daemon socket.
[   41.745581] systemd[1]: Mounting POSIX Message Queue File System...
         Mounting POSIX Message Queue File System...
[   41.829443] systemd[1]: Starting Nameserver information manager...
         Starting Nameserver information manager...
[   41.898063] systemd[1]: Starting Uncomplicated firewall...
         Starting Uncomplicated firewall...
[   41.957849] systemd[1]: Started Forward Password Requests to Wall Directory Watch.
[[0;32m  OK  [0m] Started Forward Password Requeets to Wall Directory Watch.
[   42.022777] systemd[1]: Created slice system-serial\x2dgetty.slice.
[[0;32m  OK  [0m] Created slice system-serial\x2dgetty.slice.
[   42.086086] systemd[1]: Starting Load Kernel Modules...
         Starting Load Kernel Modules...
[   42.117414] systemd[1]: Reached target Encrypted Volumes.
[[0;32m  OK  [0m] Reached targ[   42.152225] Loading iSCSI transport class v2.0-870.
et Encrypted Volumes.
[   42.201875] iscsi: registered transport (tcp)
[   42.202632] systemd[1]: Mounted POSIX Message Queue File System.
[[0;32m  OK  [0m] Mounted POSIX Message Queue File System.
[   42.273150] iscsi: registered transport (iser)
[   43.292496] systemd[1]: Mounted Huge Pages File System.
[[0;32m  OK  [0m] Mounted Huge Pages File System.
[   43.462712] systemd[1]: Mounted Debug File System.
[[0;32m  OK  [0m] Mounted Debug File System.
[   43.530650] systemd[1]: Started Journal Service.
[[0;32m  OK  [0m] Started Journal Service.
[[0;32m  OK  [0m] Started Remount Root and Kernel File Systems.
[[0;32m  OK  [0m] Started Create list of required sta...ce nodes for the current kernel.
[[0;32m  OK  [0m] Started Set console keymap.
[[0;32m  OK  [0m] Started Uncomplicated firewall.
[[0;32m  OK  [0m] Started Load Kernel Modules.
[[0;32m  OK  [0m] Started Nameserver information manager.
[[0;32m  OK  [0m] Started LVM2 metadata daemon.
         Mounting FUSE Control File System...
         Starting Apply Kernel Variables...
         Starting Create Static Device Nodes in /dev...
         Starting Load/Save Random Seed...
         Starting Initial cloud-init job (pre-networking)...
         Starting udev Coldplug all Devices...
         Starting Flush Journal to Persistent Storage...
[[0;32m  OK  [0m] Mounted FUSE Control File System.
[[0;32m  OK  [0m] Started Apply Kernel Variables.
[[0;32m  OK  [0m] Started Create Static Device Nodes in /dev.
[[0;32m  OK  [0m] Started Load/Save Random Seed.
[[0;32m  OK  [0m] Started Monitoring of LVM2 mirrors,...ng dmeventd or progress polling.
[[0;32m  OK  [0m] Started udev Coldplug all Devices.
         Starting udev Kernel Device Manager...
[[0;32m  OK  [0m] Started Flush Journal to Persistent Storage.
[[0;32m  OK  [0m] Started udev Kernel Device Manager.
[[0;32m  OK  [0m] Started Dispatch Password Requests to Console Directory Watch.
[[0;32m  OK  [0m] Reached target Local File Systems (Pre).
[[0;32m  OK  [0m] Reached target Local File Systems.
         Starting Tell Plymouth To Write Out Runtime Data...
         Starting Create Volatile Files and Directories...
         Starting LSB: AppArmor initialization...
         Starting Set console font and keymap...
[[0;32m  OK  [0m] Started Create Volatile Files and Directories.
[[0;32m  OK  [0m] Started Tell Plymouth To Write Out Runtime Data.
[[0;32m  OK  [0m] Found device /dev/ttyS0.
         Starting Update UTMP about System Boot/Shutdown...
[[0;32m  OK  [0m] Reached target System Time Synchronized.
[[0;32m  OK  [0m] Started Update UTMP about System Boot/Shutdown.
[[0;32m  OK  [0m] Found device 82540EM Gigabit Ethern...r (PRO/1000 MT Desktop Adapter).
[[0;32m  OK  [0m] Started Set console font and keymap.
[[0;32m  OK  [0m] Created slice system-getty.slice.
[[0;32m  OK  [0m] Listening on Load/Save RF Kill Switch Status /dev/rfkill Watch.
[[0;32m  OK  [0m] Started LSB: AppArmor initialization.
[   34.362188] cloud-init[456]: Cloud-init v. 0.7.9 running 'init-local' at Mon, 13 Nov 2017 13:26:12 +0000. Up 33.58 seconds.
[[0;32m  OK  [0m] Started Initial cloud-init job (pre-networking).
[[0;32m  OK  [0m] Reached target Network (Pre).
[[0;32m  OK  [0m] Started ifup for enp0s3.
         Starting Raise network interfaces...
[[0;32m  OK  [0m] Started Raise network interfaces.
[[0;32m  OK  [0m] Reached target Network.
         Starting Initial cloud-init job (metadata service crawler)...
[   36.648162] cloud-init[973]: Cloud-init v. 0.7.9 running 'init' at Mon, 13 Nov 2017 13:26:14 +0000. Up 35.49 seconds.
[   36.658148] cloud-init[973]: ci-info: +++++++++++++++++++++++++++++++++++++Net device info++++++++++++++++++++++++++++++++++++++
[[0;32m  OK  [0m] Started Initial cloud-init job (metadata service crawler).
[[0;32m  OK  [0m] Reached target Network is Online.
[   36.771391] cloud-init[973]: ci-info: +--------+------+----------------------------+---------------+-------+-------------------+
[   37.030062] cloud-init[973]: ci-info: | Device |  Up  |          Address           |      Mask     | Scope |     Hw-Address    |
         Starting iSCSI initiator daemon (iscsid)...
[[0;32m  OK  [0m] Reached target Cloud-config availability.
[   37.177100] cloud-init[973]: ci-info: +--------+------+----------------------------+---------------+-------+-------------------+
[[0;32m  OK  [0m] Reached target System Initialization.
[   37.400467] [cloud-init[0;32m  OK  [0m[973]: ] ci-info: | enp0s3 | True |         10.0.2.15          | 255.255.255.0 |   .   | 02:51:17:41:23:cb |Listening on ACPID Listen Socket.

[   37.471467] cloud-init[973]: ci-info: | enp0s3 | True | fe80::51:17ff:fe41:23cb/64 |       .       |  link | 02:51:17:41:23:cb |
[   37.781672] [cloud-init[0;32m  OK  [0m[973]: ] ci-info: |   lo   | True |         127.0.0.1          |   255.0.0.0   |   .   |         .         |
Started Timer to automatically fetch and run repair assertions.
[   37.783803] [cloud-init[0;32m  OK  [0m[973]: ] ci-info: |   lo   | True |          ::1/128           |       .       |  host |         .         |Listening on D-Bus System Message Bus Socket.

[   37.983583] [cloud-init[0;32m  OK  [0m[973]: ] ci-info: +--------+------+----------------------------+---------------+-------+-------------------+Started Timer to automatically refresh installed snaps.

         Starting LXD - unix socket.
[[0;32m  OK  [0m] Started Daily Cleanup of Temporary Directories.
         Starting Socket activation for snappy daemon.
[[0;32m  OK  [0m] Started Daily apt download activities.
[[0;32m  OK  [0m] Started Daily apt upgrade and clean activities.
[[0;32m  OK  [0m] Reached target Timers.
[   38.177862] cloud-init[973]: ci-info: +++++++++++++++++++++++++++Route IPv4 info++++++++++++++++++++++++++++
[   38.480603] [cloud-init[0;32m  OK  [0m[973]: ] ci-info: +-------+-------------+----------+---------------+-----------+-------+Started ACPI Events Check.

[   38.679092] [[0;32m  OK  [0m] Reached target Paths.
cloud-init[973]: ci-info: | Route | Destination | Gateway  |    Genmask    | Interface | Flags |
[   38.869532] [cloud-init[0;32m  OK  [0m[973]: ] ci-info: +-------+-------------+----------+---------------+-----------+-------+Listening on UUID daemon activation socket.

[   38.871692] cloud-init[973]: ci-info: |   0   |   0.0.0.0   | 10.0.2.2 |    0.0.0.0    |   enp0s3  |   UG  |
[[0;32m  OK  [0m] Listening on LXD - unix socket.
[   39.109104] cloud-init[973]: ci-info: |   1   |   10.0.2.0  | 0.0.0.0  | 255.255.255.0 |   enp0s3  |   U   |
[[0;32m  OK  [0m] Listening on Socket activation for snappy daemon.
[   39.159039] [cloud-init[0;32m  OK  [0m[973]: ] ci-info: +-------+-------------+----------+---------------+-----------+-------+Started iSCSI initiator daemon (iscsid).

         Starting Login to default iSCSI targets...
[[0;32m  OK  [0m] Reached target Sockets.
[[0;32m  OK  [0m] Reached target Basic System.
[[0;32m  OK  [0m] Started D-Bus System Message Bus.
         Starting LSB: Record successful boot for GRUB...
         Starting System Logging Service...
         Starting LSB: MD monitoring daemon...
[[0;32m  OK  [0m] Started Deferred execution scheduler.
         Starting Automatically fetch and run repair assertions...
         Starting Snappy daemon...
         Starting /etc/rc.local Compatibility...
         Starting OpenBSD Secure Shell server...
         Starting LXD - container startup/shutdown...
[[0;32m  OK  [0m] Started Regular background program processing daemon.
         Starting Accounts Service...
[[0;32m  OK  [0m] Started Unattended Upgrades Shutdown.
[[0;32m  OK  [0m] Started ACPI event daemon.
[[0;32m  OK  [0m] Started FUSE filesystem for LXC.
         Starting Login Service...
         Starting Apply the settings specified in cloud-config...
[[0;32m  OK  [0m] Started System Logging Service.
[[0;32m  OK  [0m] Started Automatically fetch and run repair assertions.
[[0;32m  OK  [0m] Started /etc/rc.local Compatibility.
[[0;32m  OK  [0m] Started Login Service.
[[0;32m  OK  [0m] Started LSB: Record successful boot for GRUB.
[[0;32m  OK  [0m] Started Login to default iSCSI targets.
[[0;32m  OK  [0m] Started LSB: MD monitoring daemon.
[[0;32m  OK  [0m] Started OpenBSD Secure Shell server.
         Starting Authenticate and Authorize Users to Run Privileged Tasks...
[[0;32m  OK  [0m] Reached target Remote File Systems (Pre).
[[0;32m  OK  [0m] Reached target Remote File Systems.
         Starting LSB: automatic crash report generation...
[   41.779384] cloud-init[1077]: Cloud-init v. 0.7.9 running 'modules:config' at Mon, 13 Nov 2017 13:26:19 +0000. Up 41.14 seconds.
         Starting LSB: Set the CPU Frequency Scaling governor to "ondemand"...
         Starting LSB: VirtualBox Linux Additions...
         Starting LSB: daemon to balance interrupts for SMP systems...
         Starting Permit User Sessions...
[[0;32m  OK  [0m] Started Snappy daemon.
[[0;32m  OK  [0m] Started LXD - container startup/shutdown.
[[0;32m  OK  [0m] Started Apply the settings specified in cloud-config.
[[0;32m  OK  [0m] Started Permit User Sessions.
[[0;32m  OK  [0m] Started Authenticate and Authorize Users to Run Privileged Tasks.
[[0;32m  OK  [0m] Started Accounts Service.
[[0;32m  OK  [0m] Started LSB: Set the CPU Frequency Scaling governor to "ondemand".
[[0;32m  OK  [0m] Started LSB: automatic crash report generation.
         Starting Terminate Plymouth Boot Screen...
         Starting Hold until boot process finishes up...
         Starting Auto import assertions from block devices...
[[0;32m  OK  [0m] Started LSB: VirtualBox Linux Additions.
[[0;32m  OK  [0m] Started LSB: daemon to balance interrupts for SMP systems.
[[0;32m  OK  [0m] Started Terminate Plymouth Boot Screen.
[[0;32m  OK  [0m] Started Hold until boot process finishes up.
[[0;32m  OK  [0m] Started Auto import assertions from block devices.
[[0;32m  OK  [0m] Started Getty on tty1.
[[0;32m  OK  [0m] Started Serial Getty on ttyS0.
[[0;32m  OK  [0m] Reached target Login Prompts.
         Starting Set console scheme...
[[0;32m  OK  [0m] Reached target Multi-User System.
[[0;32m  OK  [0m] Reached target Graphical Interface.
         Starting Update UTMP about System Runlevel Changes...
         Starting Execute cloud user/final scripts...
[[0;32m  OK  [0m] Started Set console scheme.
[[0;32m  OK  [0m] Started Update UTMP about System Runlevel Changes.
[   44.432518] cloud-init[1218]: Cloud-init v. 0.7.9 running 'modules:final' at Mon, 13 Nov 2017 13:26:22 +0000. Up 43.95 seconds.
[   44.460947] cloud-init[1218]: Cloud-init v. 0.7.9 finished at Mon, 13 Nov 2017 13:26:23 +0000. Datasource DataSourceNoCloud [seed=/dev/sdb][dsmode=net].  Up 44.42 seconds
[[0;32m  OK  [0m] Started Execute cloud user/final scripts.
[[0;32m  OK  [0m] Reached target Cloud-init target.

Ubuntu 16.04.3 LTS ubuntu-xenial ttyS0

ubuntu-xenial login: 